Script last ran at: 2024-11-19 17:17:35.164754

Current Macros (100):
Title:  New Hire Password Reset
Created At: 2024-10-29T15:20:30Z
Updated At: 2024-10-29T15:20:30Z

Title:  SSO Self-Service-Password Reset 
Created At: 2024-10-07T14:36:26Z
Updated At: 2024-10-07T14:36:26Z

Title: (Temporary) Replacement Computer Pricing Questions
Created At: 2024-06-18T17:17:44Z
Updated At: 2024-06-18T17:17:44Z

Title: (Tina) Resource profile update
Created At: 2023-10-31T21:01:21Z
Updated At: 2024-01-09T15:44:13Z

Title: 3 Contacts-No Response Closure
Created At: 2024-06-07T15:06:16Z
Updated At: 2024-06-07T16:08:36Z

Title: 8x8 Migration
Created At: 2024-11-06T22:30:32Z
Updated At: 2024-11-07T00:47:19Z

Title: 8x8 Post Migration Checklist
Created At: 2024-11-07T21:17:26Z
Updated At: 2024-11-07T21:20:05Z

Title: <Brooke> Pennant Directory Update
Created At: 2024-07-16T23:27:28Z
Updated At: 2024-07-16T23:27:28Z

Title: <Cody> Complete Worker Import
Created At: 2024-07-16T23:19:23Z
Updated At: 2024-07-16T23:19:23Z

Title: <Cody> Coordinate DB Refresh with HCHB/Dallas
Created At: 2024-07-16T23:23:27Z
Updated At: 2024-07-16T23:23:27Z

Title: <Cody> Program EVV Applicably
Created At: 2024-07-16T23:25:50Z
Updated At: 2024-07-16T23:25:50Z

Title: <Forcura Ticket> ____: Forcura to Create New Branch
Created At: 2024-11-15T00:21:16Z
Updated At: 2024-11-15T00:21:16Z

Title: <HCHB TICKET> HCHB to Add Forcura Interface
Created At: 2024-11-15T00:11:26Z
Updated At: 2024-11-15T00:17:12Z

Title: <IT Team> Enable Docu-sign ability
Created At: 2024-07-16T23:33:12Z
Updated At: 2024-07-16T23:33:12Z

Title: <IT Team> Request Mobi-Control Access
Created At: 2024-07-16T23:47:19Z
Updated At: 2024-07-16T23:47:19Z

Title: <Jaime> Add Agency in Waystar/E-Solutions
Created At: 2024-07-16T22:42:58Z
Updated At: 2024-07-16T23:50:36Z

Title: <Jaime> Add Authorized Users to iQies
Created At: 2024-07-16T22:58:47Z
Updated At: 2024-07-16T23:52:05Z

Title: <Steve> Please program Oasis/HIS in HCHB Applicably
Created At: 2024-07-16T23:01:44Z
Updated At: 2024-07-16T23:01:44Z

Title: <Tina S> Please program Admin Tasks
Created At: 2024-07-16T23:08:49Z
Updated At: 2024-07-16T23:08:49Z

Title: <Tina S> Please update all Resources with New Branch/Teams
Created At: 2024-07-16T23:16:02Z
Updated At: 2024-07-16T23:16:02Z

Title: <Tina S> Program all things Payroll 
Created At: 2024-07-16T23:11:22Z
Updated At: 2024-07-16T23:11:22Z

Title: <Tyler> Build Electronic Signature Forms
Created At: 2024-07-16T23:05:58Z
Updated At: 2024-07-16T23:54:50Z

Title: AAAA
Created At: 2023-04-12T18:38:24Z
Updated At: 2024-06-19T13:05:06Z

Title: aaaaa
Created At: 2023-04-11T22:10:01Z
Updated At: 2023-04-12T18:38:29Z

Title: Abandoned Chat Follow-up
Created At: 2024-05-14T23:13:20Z
Updated At: 2024-05-14T23:19:52Z

Title: AC/MC Creds
Created At: 2021-05-04T15:43:22Z
Updated At: 2021-12-22T15:25:21Z

Title: Account Reviewed - Erin
Created At: 2024-04-13T14:34:20Z
Updated At: 2024-08-10T17:06:34Z

Title: Acct_IT_Q
Created At: 2021-07-06T14:15:28Z
Updated At: 2023-03-16T14:40:07Z

Title: Acquisition Equipment Request - Pinnacle
Created At: 2024-10-08T16:49:22Z
Updated At: 2024-10-08T17:08:01Z

Title: Acquisition Phone Info
Created At: 2023-06-16T14:49:34Z
Updated At: 2023-06-16T23:27:06Z

Title: AD Account Reviewed
Created At: 2023-03-05T15:46:56Z
Updated At: 2023-04-04T14:42:11Z

Title: AD Account Reviewed - Sheldon
Created At: 2023-03-31T20:19:57Z
Updated At: 2023-03-31T20:28:50Z

Title: Added to DL Distribution List
Created At: 2024-06-14T12:34:11Z
Updated At: 2024-07-08T13:46:28Z

Title: ADR - ADD Agency Subject Line
Created At: 2022-10-14T16:15:35Z
Updated At: 2023-03-16T14:40:06Z

Title: ADR - ADD Ticket Type - Home Health Clinical ADR
Created At: 2022-10-14T16:30:02Z
Updated At: 2022-10-17T17:37:25Z

Title: ADR - Informational Ticket
Created At: 2022-10-17T17:49:02Z
Updated At: 2023-03-16T14:40:06Z

Title: ADR::Request for Additional Documention
Created At: 2023-07-06T20:45:04Z
Updated At: 2023-07-06T20:45:04Z

Title: ADUC Password Reset - Reed
Created At: 2023-11-10T16:52:48Z
Updated At: 2023-11-10T16:56:53Z

Title: ADUC: Account Disabled - Erin
Created At: 2024-04-06T14:13:41Z
Updated At: 2024-04-06T14:40:49Z

Title: All Clear 8-19
Created At: 2024-08-19T16:19:46Z
Updated At: 2024-08-19T19:17:02Z

Title: AP::CONCUR Approvals- EXPENSE REPORTS DUE
Created At: 2021-02-01T22:22:26Z
Updated At: 2023-03-16T14:41:11Z

Title: AP::Concur log
Created At: 2021-02-01T22:12:45Z
Updated At: 2024-04-08T19:40:30Z

Title: AP::Regions CC or Concur Account Request
Created At: 2021-11-29T19:15:40Z
Updated At: 2023-03-16T14:40:07Z

Title: AP::VISA CC and Concur Training  In Pennant University 
Created At: 2021-02-01T22:17:26Z
Updated At: 2024-04-08T20:44:57Z

Title: AP::Your VISA credit card is on the way!
Created At: 2021-02-01T22:09:37Z
Updated At: 2024-11-06T20:29:32Z

Title: Apple ID Whitelist Process
Created At: 2024-09-17T16:43:33Z
Updated At: 2024-09-17T16:43:33Z

Title: apTest
Created At: 2022-06-16T15:30:08Z
Updated At: 2023-03-16T14:40:06Z

Title: AR: AR Tag
Created At: 2023-11-08T18:52:04Z
Updated At: 2023-11-08T18:52:04Z

Title: AR::New Payor Update::Emily McDonald
Created At: 2024-03-07T19:49:13Z
Updated At: 2024-03-07T19:49:13Z

Title: AR::New Payor Update::Kimberly Marin
Created At: 2024-03-07T19:52:07Z
Updated At: 2024-03-07T19:52:07Z

Title: AR::New Payor Update::Tiana Chappell
Created At: 2024-03-07T19:51:31Z
Updated At: 2024-03-07T19:51:31Z

Title: Assign to::AR:: AR Group
Created At: 2016-07-11T23:14:19Z
Updated At: 2018-05-30T19:25:57Z

Title: Assign to::AR::Andrea
Created At: 2017-11-09T16:40:26Z
Updated At: 2018-08-07T21:20:38Z

Title: Assign to::AR::Athena
Created At: 2018-10-12T14:14:43Z
Updated At: 2020-09-02T14:18:34Z

Title: Assign to::AR::Katherine
Created At: 2016-07-11T15:42:14Z
Updated At: 2017-11-09T16:39:36Z

Title: Assign to::AR::Katherine Jones
Created At: 2016-07-14T03:10:46Z
Updated At: 2020-09-02T14:18:34Z

Title: Assign to::AR::Lisa
Created At: 2016-07-14T03:09:18Z
Updated At: 2020-09-02T14:18:34Z

Title: Assign to::AR::Nate
Created At: 2018-08-07T21:20:29Z
Updated At: 2020-09-02T14:18:34Z

Title: Assign to::AR::Tiana
Created At: 2017-11-09T16:56:50Z
Updated At: 2020-09-02T14:18:34Z

Title: Assign to::AR::Wendy
Created At: 2016-07-14T03:10:18Z
Updated At: 2020-09-02T14:17:19Z

Title: Assign to::HCHB:: HCHB Group
Created At: 2016-07-11T23:12:53Z
Updated At: 2018-05-30T19:25:41Z

Title: Assign to::HCHB::Amanda
Created At: 2016-08-10T01:10:54Z
Updated At: 2020-12-17T16:13:01Z

Title: Assign to::HCHB::Bryant
Created At: 2016-08-10T01:12:47Z
Updated At: 2018-05-30T19:26:10Z

Title: Assign to::HCHB::Connie
Created At: 2020-10-21T17:09:34Z
Updated At: 2020-12-17T16:13:01Z

Title: Assign to::HCHB::Janet
Created At: 2016-08-10T01:13:24Z
Updated At: 2020-12-17T16:13:01Z

Title: Assign to::HCHB::Juliann
Created At: 2018-04-19T19:08:23Z
Updated At: 2020-12-17T16:13:01Z

Title: Assign to::HCHB::Michel (1177)
Created At: 2016-07-11T23:08:52Z
Updated At: 2020-12-17T16:13:01Z

Title: Assign to::HCHB::Nickie (Alta)
Created At: 2016-07-11T23:10:57Z
Updated At: 2018-10-05T15:55:36Z

Title: Assign to::HCHB::Tammy (Lexicon)
Created At: 2016-07-11T23:06:49Z
Updated At: 2018-05-30T19:26:50Z

Title: Assign to::IT Department
Created At: 2018-10-04T16:46:11Z
Updated At: 2020-12-17T16:13:01Z

Title: Assign to::IT:: IT Group
Created At: 2016-07-11T23:13:19Z
Updated At: 2018-05-30T19:26:54Z

Title: Assign to::IT::Andrew
Created At: 2018-03-07T23:37:43Z
Updated At: 2020-12-17T16:12:48Z

Title: Assign to::IT::Anoush (Alta)
Created At: 2016-07-15T17:45:51Z
Updated At: 2017-11-09T16:37:10Z

Title: Assign to::IT::Dakota
Created At: 2016-07-11T15:42:48Z
Updated At: 2020-10-21T17:07:42Z

Title: Assign to::IT::Jacob
Created At: 2018-08-07T21:21:17Z
Updated At: 2020-12-17T16:12:48Z

Title: Assign to::IT::James
Created At: 2016-07-11T15:41:30Z
Updated At: 2020-12-17T16:12:48Z

Title: Assign to::IT::Jordan
Created At: 2017-11-09T16:38:33Z
Updated At: 2020-12-17T16:12:48Z

Title: Assign to::IT::Justin
Created At: 2016-08-10T01:24:47Z
Updated At: 2020-12-17T16:12:48Z

Title: Assign to::IT::Michael
Created At: 2018-09-27T15:02:43Z
Updated At: 2020-12-17T16:12:48Z

Title: Assign to::IT::Tyler
Created At: 2017-11-09T16:38:57Z
Updated At: 2020-12-17T16:12:48Z

Title: Assign to::me
Created At: 2017-04-17T15:43:36Z
Updated At: 2020-12-17T16:12:49Z

Title: Assignment reply
Created At: 2017-03-20T15:11:18Z
Updated At: 2017-04-17T15:25:23Z

Title: Autopilot::Change Timezone
Created At: 2024-03-14T23:49:38Z
Updated At: 2024-03-14T23:49:38Z

Title: Autopilot::Contact the Help Desk
Created At: 2024-05-20T15:09:31Z
Updated At: 2024-05-20T15:15:36Z

Title: AutoTriage::Account Creation Instructions
Created At: 2018-11-02T15:44:29Z
Updated At: 2023-05-30T15:33:39Z

Title: AVD Outage 9/16/24
Created At: 2024-09-16T19:45:39Z
Updated At: 2024-09-16T19:45:39Z

Title: AVD:: AVD Performance
Created At: 2024-01-04T22:44:00Z
Updated At: 2024-02-08T15:45:16Z

Title: AVD:: AVD Sign out / PowerCycle / Reboot
Created At: 2023-11-12T16:28:45Z
Updated At: 2024-10-11T15:18:22Z

Title: AVD::Citrix Research - why are they not on AVD?
Created At: 2023-12-21T14:44:26Z
Updated At: 2023-12-21T15:12:33Z

Title: AVD::Citrix Research - why are they not on AVD? No answer, email reply!
Created At: 2023-12-21T15:30:04Z
Updated At: 2023-12-21T15:30:04Z

Title: AVD::Opening files in preferred app
Created At: 2024-06-13T18:38:33Z
Updated At: 2024-06-13T18:38:33Z

Title: AVD::Random Pop up Errors
Created At: 2023-10-24T19:24:10Z
Updated At: 2023-10-24T19:24:10Z

Title: Back Office Access
Created At: 2021-11-08T14:03:03Z
Updated At: 2021-11-08T14:26:48Z

Title: Backlog::Follow up
Created At: 2023-11-07T15:30:46Z
Updated At: 2023-11-07T15:30:46Z

Title: Backoffice::OLH Setup 
Created At: 2024-04-02T13:57:13Z
Updated At: 2024-11-01T12:51:29Z

Title: Baer::Follow-UP
Created At: 2023-04-06T15:48:23Z
Updated At: 2024-06-19T13:06:29Z

Title: Baer::Phishing
Created At: 2023-08-30T16:09:48Z
Updated At: 2024-06-19T13:02:42Z

Title: Benefits::Open enrollment for 2024
Created At: 2023-11-06T14:46:45Z
Updated At: 2023-11-06T14:46:45Z

Title: Black Team - First Reply
Created At: 2021-04-12T15:19:35Z
Updated At: 2023-03-16T14:41:11Z

Title: Bonding Time - Benefits - Tracy Aspelund
Created At: 2023-04-06T21:00:06Z
Updated At: 2023-05-30T15:33:39Z


Macro Activity Log

